Arguments: 
  C:\Program Files\nodejs\node.exe C:\Users\adel4\AppData\Roaming\npm\node_modules\yarn\bin\yarn.js test

PATH: 
  C:\Program Files (x86)\CollabNet;C:\Program Files (x86)\Embarcadero\Studio\15.0\bin;C:\Users\Public\Documents\Embarcadero\Studio\15.0\Bpl;C:\Program Files (x86)\Embarcadero\Studio\15.0\bin64;C:\Users\Public\Documents\Embarcadero\Studio\15.0\Bpl\Win64;C:\ProgramData\Oracle\Java\javapath;C:\WINDOWS\system32;C:\WINDOWS;C:\WINDOWS\System32\Wbem;C:\WINDOWS\System32\WindowsPowerShell\v1.0\;C:\Program Files (x86)\GtkSharp\2.12\bin;JAVA_HOME\bin;C:\Program Files\MATLAB\R2009b\runtime\win64;C:\Program Files\MATLAB\R2009b\bin;C:\ProgramData\ComposerSetup\bin;C:\Users\adel4\AppData\Roaming\Composer\vendor\bin;C:\Program Files (x86)\Skype\Phone\;C:\Program Files\Git\cmd;C:\wamp64\bin\php\php7.0.10;C:\Program Files\Microsoft SQL Server\Client SDK\ODBC\130\Tools\Binn\;C:\Program Files (x86)\Microsoft SQL Server\130\Tools\Binn\;C:\Program Files\Microsoft SQL Server\130\Tools\Binn\;C:\Program Files\Microsoft SQL Server\130\DTS\Binn\;C:\Program Files\PuTTY\;C:\Program Files\VisualSVN Server\bin;C:\Program Files (x86)\Microsoft SQL Server\Client SDK\ODBC\130\Tools\Binn\;C:\Program Files (x86)\Microsoft SQL Server\140\Tools\Binn\;C:\Program Files (x86)\Microsoft SQL Server\140\DTS\Binn\;C:\Program Files (x86)\Microsoft SQL Server\140\Tools\Binn\ManagementStudio\;C:\Program Files\nodejs\;C:\Program Files\Java\jdk1.8.0_74\bin;C:\Users\adel4\AppData\Local\Programs\Python\Python36-32\Scripts;C:\Users\adel4\AppData\Local\Programs\Python\Python36-32;C:\Users\adel4\AppData\Local\Microsoft\WindowsApps;C:\Users\adel4\AppData\Roaming\Composer\vendor\bin;C:\Program Files\Heroku\bin;C:\Users\adel4\AppData\Roaming\npm;C:\Users\adel4\AppData\Local\atom\bin;C:\Program Files\Microsoft VS Code\bin

Yarn version: 
  1.5.1

Node version: 
  8.9.3

Platform: 
  win32 x64

npm manifest: 
  No manifest

yarn manifest: 
  No manifest

Lockfile: 
  No lockfile

Trace: 
  Error: Couldn't find a package.json file in "C:\\Users\\adel4\\Downloads\\ESI-SIL\\Projet\\DEV2\\Tharwa"
      at new MessageError (C:\Users\adel4\AppData\Roaming\npm\node_modules\yarn\lib\cli.js:186:110)
      at C:\Users\adel4\AppData\Roaming\npm\node_modules\yarn\lib\cli.js:40048:15
      at Generator.next (<anonymous>)
      at step (C:\Users\adel4\AppData\Roaming\npm\node_modules\yarn\lib\cli.js:98:30)
      at C:\Users\adel4\AppData\Roaming\npm\node_modules\yarn\lib\cli.js:109:13
      at <anonymous>
